c:\users\lghgz\documents\visual studio 2015\projects\crm\win32\debug\mainwindow.obj
c:\users\lghgz\documents\visual studio 2015\projects\crm\win32\debug\moc_dlgitem.obj
c:\users\lghgz\documents\visual studio 2015\projects\crm\win32\debug\moc_mainwindow.obj
c:\users\lghgz\documents\visual studio 2015\projects\crm\win32\debug\moc_barchart.obj
c:\users\lghgz\documents\visual studio 2015\projects\crm\win32\debug\barchart.obj
c:\users\lghgz\documents\visual studio 2015\projects\crm\win32\debug\piechart.obj
c:\users\lghgz\documents\visual studio 2015\projects\crm\win32\debug\moc_piechart.obj
c:\users\lghgz\documents\visual studio 2015\projects\crm\win32\debug\dlgitem.obj
c:\users\lghgz\documents\visual studio 2015\projects\crm\win32\debug\statitem.obj
c:\users\lghgz\documents\visual studio 2015\projects\crm\win32\debug\main.obj
c:\users\lghgz\documents\visual studio 2015\projects\crm\win32\debug\moc_statitem.obj
c:\users\lghgz\documents\visual studio 2015\projects\crm\win32\debug\qrc_rc.obj
c:\users\lghgz\documents\visual studio 2015\projects\crm\win32\debug\vc140.pdb
c:\users\lghgz\documents\visual studio 2015\projects\crm\generatedfiles\debug\moc_dlgitem.cpp
c:\users\lghgz\documents\visual studio 2015\projects\crm\generatedfiles\debug\moc_mainwindow.cpp
c:\users\lghgz\documents\visual studio 2015\projects\crm\generatedfiles\debug\moc_statitem.cpp
c:\users\lghgz\documents\visual studio 2015\projects\crm\generatedfiles\debug\moc_barchart.cpp
c:\users\lghgz\documents\visual studio 2015\projects\crm\generatedfiles\debug\moc_piechart.cpp
c:\users\lghgz\documents\visual studio 2015\projects\crm\generatedfiles\qrc_rc.cpp
c:\users\lghgz\documents\visual studio 2015\projects\crm\generatedfiles\ui_dlgitem.h
c:\users\lghgz\documents\visual studio 2015\projects\crm\generatedfiles\ui_mainwindow.h
c:\users\lghgz\documents\visual studio 2015\projects\crm\generatedfiles\ui_statitem.h
c:\users\lghgz\documents\visual studio 2015\projects\crm\debug\moc_predefs.h
c:\users\lghgz\documents\visual studio 2015\projects\crm\debug\crm.ilk
c:\users\lghgz\documents\visual studio 2015\projects\crm\debug\crm.exe
c:\users\lghgz\documents\visual studio 2015\projects\crm\debug\crm.pdb
c:\users\lghgz\documents\visual studio 2015\projects\crm\.\generatedfiles\debug\moc_dlgitem.cpp
c:\users\lghgz\documents\visual studio 2015\projects\crm\.\generatedfiles\debug\moc_mainwindow.cpp
c:\users\lghgz\documents\visual studio 2015\projects\crm\.\generatedfiles\debug\moc_statitem.cpp
c:\users\lghgz\documents\visual studio 2015\projects\crm\.\generatedfiles\debug\moc_barchart.cpp
c:\users\lghgz\documents\visual studio 2015\projects\crm\.\generatedfiles\debug\moc_piechart.cpp
c:\users\lghgz\documents\visual studio 2015\projects\crm\.\generatedfiles\qrc_rc.cpp
c:\users\lghgz\documents\visual studio 2015\projects\crm\.\generatedfiles\ui_dlgitem.h
c:\users\lghgz\documents\visual studio 2015\projects\crm\.\generatedfiles\ui_mainwindow.h
c:\users\lghgz\documents\visual studio 2015\projects\crm\.\generatedfiles\ui_statitem.h
c:\users\lghgz\documents\visual studio 2015\projects\crm\win32\debug\myapp.res
c:\users\lghgz\documents\visual studio 2015\projects\crm\win32\debug\crm.tlog\cl.command.1.tlog
c:\users\lghgz\documents\visual studio 2015\projects\crm\win32\debug\crm.tlog\cl.read.1.tlog
c:\users\lghgz\documents\visual studio 2015\projects\crm\win32\debug\crm.tlog\cl.write.1.tlog
c:\users\lghgz\documents\visual studio 2015\projects\crm\win32\debug\crm.tlog\crm.write.1u.tlog
c:\users\lghgz\documents\visual studio 2015\projects\crm\win32\debug\crm.tlog\custombuild.command.1.tlog
c:\users\lghgz\documents\visual studio 2015\projects\crm\win32\debug\crm.tlog\custombuild.read.1.tlog
c:\users\lghgz\documents\visual studio 2015\projects\crm\win32\debug\crm.tlog\custombuild.write.1.tlog
c:\users\lghgz\documents\visual studio 2015\projects\crm\win32\debug\crm.tlog\link.command.1.tlog
c:\users\lghgz\documents\visual studio 2015\projects\crm\win32\debug\crm.tlog\link.read.1.tlog
c:\users\lghgz\documents\visual studio 2015\projects\crm\win32\debug\crm.tlog\link.write.1.tlog
c:\users\lghgz\documents\visual studio 2015\projects\crm\win32\debug\crm.tlog\qtmoc.read.1u.tlog
c:\users\lghgz\documents\visual studio 2015\projects\crm\win32\debug\crm.tlog\qtmoc.write.1u.tlog
c:\users\lghgz\documents\visual studio 2015\projects\crm\win32\debug\crm.tlog\qtrcc.read.1u.tlog
c:\users\lghgz\documents\visual studio 2015\projects\crm\win32\debug\crm.tlog\qtrcc.write.1u.tlog
c:\users\lghgz\documents\visual studio 2015\projects\crm\win32\debug\crm.tlog\qtuic.read.1u.tlog
c:\users\lghgz\documents\visual studio 2015\projects\crm\win32\debug\crm.tlog\qtuic.write.1u.tlog
c:\users\lghgz\documents\visual studio 2015\projects\crm\win32\debug\crm.tlog\rc.command.1.tlog
c:\users\lghgz\documents\visual studio 2015\projects\crm\win32\debug\crm.tlog\rc.read.1.tlog
c:\users\lghgz\documents\visual studio 2015\projects\crm\win32\debug\crm.tlog\rc.write.1.tlog
